<testsuites id="" name="" tests="7" failures="0" skipped="0" errors="0" time="4.736592">
<testsuite name="api\api.spec.js" timestamp="2025-11-17T10:52:23.230Z" hostname="" tests="4" failures="0" skipped="0" time="3.72" errors="0">
<testcase name="AutomationExercise API smoke › GET products list" classname="api\api.spec.js" time="2.37">
<system-out>
<![CDATA[[2025-11-17T10:52:26.437Z] [GET] https://automationexercise.com/api/productsList -> 200 (2348 ms)
]]>
</system-out>
</testcase>
<testcase name="AutomationExercise API smoke › POST search product (happy path)" classname="api\api.spec.js" time="0.324">
</testcase>
<testcase name="AutomationExercise API smoke › POST login valid/invalid" classname="api\api.spec.js" time="0.368">
</testcase>
<testcase name="AutomationExercise API smoke › Create and delete user (flow)" classname="api\api.spec.js" time="0.658">
</testcase>
</testsuite>
<testsuite name="api\api1.spec.js" timestamp="2025-11-17T10:52:23.230Z" hostname="" tests="3" failures="0" skipped="0" time="3.328" errors="0">
<testcase name="AutomationExercise API smoke › POST search product (happy path)" classname="api\api1.spec.js" time="2.293">
</testcase>
<testcase name="AutomationExercise API smoke › POST login valid/invalid" classname="api\api1.spec.js" time="0.374">
</testcase>
<testcase name="AutomationExercise API smoke › Create and delete user (flow)" classname="api\api1.spec.js" time="0.661">
</testcase>
</testsuite>
</testsuites>